#
# There is insufficient memory for the Java Runtime Environment to continue.
# Native memory allocation (mmap) failed to map 19922944 bytes for G1 virtual space
# Possible reasons:
#   The system is out of physical RAM or swap space
#   The process is running with CompressedOops enabled, and the Java Heap may be blocking the growth of the native heap
# Possible solutions:
#   Reduce memory load on the system
#   Increase physical memory or swap space
#   Check if swap backing store is full
#   Decrease Java heap size (-Xmx/-Xms)
#   Decrease number of Java threads
#   Decrease Java thread stack sizes (-Xss)
#   Set larger code cache with -XX:ReservedCodeCacheSize=
#   JVM is running with Unscaled Compressed Oops mode in which the Java heap is
#     placed in the first 4GB address space. The Java Heap base address is the
#     maximum limit for the native heap growth. Please use -XX:HeapBaseMinAddress
#     to set the Java Heap base and to place the Java Heap above 4GB virtual address.
# This output file may be truncated or incomplete.
#
#  Out of Memory Error (os_windows.cpp:3532), pid=3580, tid=6168
#
# JRE version: OpenJDK Runtime Environment Temurin-17.0.2+8 (17.0.2+8) (build 17.0.2+8)
# Java VM: OpenJDK 64-Bit Server VM Temurin-17.0.2+8 (17.0.2+8, mixed mode, emulated-client, tiered, compressed oops, compressed class ptrs, g1 gc, windows-amd64)
# No core dump will be written. Minidumps are not enabled by default on client versions of Windows
#

---------------  S U M M A R Y ------------

Command Line: -Dcom.sun.management.jmxremote -Dcom.sun.management.jmxremote.port=1083 -Dcom.sun.management.jmxremote.authenticate=false -Dcom.sun.management.jmxremote.ssl=false -Djava.rmi.server.hostname=localhost -Dspring.jmx.enabled=true -Dspring.application.admin.enabled=true -XX:TieredStopAtLevel=1 -Dspring.boot.project.name=Semi_Project_HKCLH -Dfile.encoding=UTF-8 -XX:+ShowCodeDetailsInExceptionMessages project.home.study.SemiProjectHkclhApplication --spring.output.ansi.enabled=always

Host: Intel(R) Core(TM) i5-4260U CPU @ 1.40GHz, 4 cores, 3G,  Windows 7 , 64 bit Build 7601 (6.1.7601.18409)
Time: Thu May 26 22:19:03 2022 대한민국 표준시 elapsed time: 5.552667 seconds (0d 0h 0m 5s)

---------------  T H R E A D  ---------------

Current thread (0x000000000e1339f0):  VMThread "VM Thread" [stack: 0x000000004ec10000,0x000000004ed10000] [id=6168]

Stack: [0x000000004ec10000,0x000000004ed10000]
Native frames: (J=compiled Java code, j=interpreted, Vv=VM code, C=native code)
V  [jvm.dll+0x67564a]
V  [jvm.dll+0x82fc04]
V  [jvm.dll+0x8313ae]
V  [jvm.dll+0x831a13]
V  [jvm.dll+0x245235]
V  [jvm.dll+0x672539]
V  [jvm.dll+0x666e82]
V  [jvm.dll+0x30401b]
V  [jvm.dll+0x30b566]
V  [jvm.dll+0x35b1fe]
V  [jvm.dll+0x35b42f]
V  [jvm.dll+0x2daf58]
V  [jvm.dll+0x2d920c]
V  [jvm.dll+0x2d87dc]
V  [jvm.dll+0x31c61b]
V  [jvm.dll+0x835ebb]
V  [jvm.dll+0x836bf4]
V  [jvm.dll+0x83710c]
V  [jvm.dll+0x8374e4]
V  [jvm.dll+0x8375b0]
V  [jvm.dll+0x7dff2a]
V  [jvm.dll+0x6744d5]
C  [ucrtbase.DLL+0x1c1ae]
C  [kernel32.dll+0x159ed]
C  [ntdll.dll+0x2c541]

VM_Operation (0x000000005286b3a0): G1CollectForAllocation, mode: safepoint, requested by thread 0x00000000507d4f40


---------------  P R O C E S S  ---------------

Threads class SMR info:
_java_thread_list=0x00000000536976a0, length=19, elements={
0x00000000004d6b80, 0x000000000e148c10, 0x000000000e1495d0, 0x000000000e182e90,
0x000000000e183b50, 0x000000000e19d280, 0x000000000e19db40, 0x000000000e1a44c0,
0x000000000e1a6180, 0x000000004f9a4080, 0x000000004f9a4550, 0x000000004fa7cc00,
0x00000000503cd730, 0x00000000503cecc0, 0x000000005048b0e0, 0x000000005070d6f0,
0x00000000507c7fa0, 0x00000000507d4f40, 0x00000000508e06c0
}

Java Threads: ( => current thread )
  0x00000000004d6b80 JavaThread "main" [_thread_blocked, id=1876, stack(0x0000000002180000,0x0000000002280000)]
  0x000000000e148c10 JavaThread "Reference Handler" daemon [_thread_blocked, id=6172, stack(0x000000000e290000,0x000000000e390000)]
  0x000000000e1495d0 JavaThread "Finalizer" daemon [_thread_blocked, id=6176, stack(0x000000004ee10000,0x000000004ef10000)]
  0x000000000e182e90 JavaThread "Signal Dispatcher" daemon [_thread_blocked, id=6180, stack(0x000000004f030000,0x000000004f130000)]
  0x000000000e183b50 JavaThread "Attach Listener" daemon [_thread_blocked, id=6184, stack(0x000000004f230000,0x000000004f330000)]
  0x000000000e19d280 JavaThread "Service Thread" daemon [_thread_blocked, id=6188, stack(0x000000004f4a0000,0x000000004f5a0000)]
  0x000000000e19db40 JavaThread "Monitor Deflation Thread" daemon [_thread_blocked, id=6192, stack(0x000000004f390000,0x000000004f490000)]
  0x000000000e1a44c0 JavaThread "C1 CompilerThread0" daemon [_thread_blocked, id=6196, stack(0x000000004f700000,0x000000004f800000)]
  0x000000000e1a6180 JavaThread "Sweeper thread" daemon [_thread_blocked, id=6200, stack(0x000000004f890000,0x000000004f990000)]
  0x000000004f9a4080 JavaThread "Common-Cleaner" daemon [_thread_blocked, id=6220, stack(0x000000004f130000,0x000000004f230000)]
  0x000000004f9a4550 JavaThread "C1 CompilerThread1" daemon [_thread_blocked, id=6224, stack(0x000000004fe80000,0x000000004ff80000)]
  0x000000004fa7cc00 JavaThread "Notification Thread" daemon [_thread_blocked, id=6228, stack(0x000000004f5d0000,0x000000004f6d0000)]
  0x00000000503cd730 JavaThread "RMI TCP Accept-0" daemon [_thread_in_native, id=6288, stack(0x0000000051680000,0x0000000051780000)]
  0x00000000503cecc0 JavaThread "RMI TCP Accept-1083" daemon [_thread_in_native, id=6304, stack(0x0000000051860000,0x0000000051960000)]
  0x000000005048b0e0 JavaThread "RMI TCP Accept-0" daemon [_thread_in_native, id=6328, stack(0x0000000051a40000,0x0000000051b40000)]
  0x000000005070d6f0 JavaThread "C1 CompilerThread2" daemon [_thread_blocked, id=6356, stack(0x0000000051c90000,0x0000000051d90000)]
  0x00000000507c7fa0 JavaThread "Thread-0" [_thread_blocked, id=6360, stack(0x00000000524d0000,0x00000000525d0000)]
  0x00000000507d4f40 JavaThread "restartedMain" [_thread_blocked, id=6364, stack(0x0000000052770000,0x0000000052870000)]
  0x00000000508e06c0 JavaThread "background-preinit" [_thread_blocked, id=6416, stack(0x00000000528a0000,0x00000000529a0000)]

Other Threads:
=>0x000000000e1339f0 VMThread "VM Thread" [stack: 0x000000004ec10000,0x000000004ed10000] [id=6168]
  0x00000000503d01e0 WatcherThread [stack: 0x0000000051b60000,0x0000000051c60000] [id=6332]
  0x0000000000507e60 GCTaskThread "GC Thread#0" [stack: 0x000000000b5d0000,0x000000000b6d0000] [id=6148]
  0x0000000050575840 GCTaskThread "GC Thread#1" [stack: 0x0000000050a60000,0x0000000050b60000] [id=6336]
  0x0000000050584c20 GCTaskThread "GC Thread#2" [stack: 0x0000000051e00000,0x0000000051f00000] [id=6340]
  0x0000000050584ed0 GCTaskThread "GC Thread#3" [stack: 0x0000000051fb0000,0x00000000520b0000] [id=6344]
  0x0000000000510af0 ConcurrentGCThread "G1 Main Marker" [stack: 0x000000000b6e0000,0x000000000b7e0000] [id=6152]
  0x0000000000513fd0 ConcurrentGCThread "G1 Conc#0" [stack: 0x000000000b8f0000,0x000000000b9f0000] [id=6156]
  0x000000000dd30080 ConcurrentGCThread "G1 Refine#0" [stack: 0x000000000df80000,0x000000000e080000] [id=6160]
  0x0000000050579ed0 ConcurrentGCThread "G1 Refine#1" [stack: 0x00000000520f0000,0x00000000521f0000] [id=6348]
  0x0000000050585180 ConcurrentGCThread "G1 Refine#2" [stack: 0x0000000052320000,0x0000000052420000] [id=6352]
  0x000000000054d890 ConcurrentGCThread "G1 Service" [stack: 0x000000000de60000,0x000000000df60000] [id=6164]

Threads with active compile tasks:
C1 CompilerThread0     5618 2432       1       java.lang.invoke.AbstractValidatingLambdaMetafactory::checkDescriptor (133 bytes)
C1 CompilerThread1     5618 2443       1       java.lang.invoke.InnerClassLambdaMetafactory$ForwardingMethodGenerator::convertArgumentTypes (96 bytes)
C1 CompilerThread2     5618 2439   !   1       java.lang.invoke.InnerClassLambdaMetafactory::generateInnerClass (618 bytes)

VM state: at safepoint (normal execution)

VM Mutex/Monitor currently owned by a thread:  ([mutex/lock_event])
[0x00000000004d04d0] Threads_lock - owner thread: 0x000000000e1339f0
[0x00000000004d0b00] Heap_lock - owner thread: 0x00000000507d4f40

Heap address: 0x00000000c0e00000, size: 1010 MB, Compressed Oops mode: 32-bit

CDS archive(s) not mapped
Compressed class space mapped at: 0x000000000e400000-0x000000004e400000, reserved size: 1073741824
Narrow klass base: 0x0000000000000000, Narrow klass shift: 0, Narrow klass range: 0x4e400000

GC Precious Log:
 CPUs: 4 total, 4 available
 Memory: 4036M
 Large Page Support: Disabled
 NUMA Support: Disabled
 Compressed Oops: Enabled (32-bit)
 Heap Region Size: 1M
 Heap Min Capacity: 8M
 Heap Initial Capacity: 64M
 Heap Max Capacity: 1010M
 Pre-touch: Disabled
 Parallel Workers: 4
 Concurrent Workers: 1
 Concurrent Refinement Workers: 4
 Periodic GC: Disabled

Heap:
 garbage-first heap   total 37888K, used 12001K [0x00000000c0e00000, 0x0000000100000000)
  region size 1024K, 2 young (2048K), 2 survivors (2048K)
 Metaspace       used 26454K, committed 26688K, reserved 1073152K
  class space    used 3285K, committed 3392K, reserved 1048576K

Heap Regions: E=young(eden), S=young(survivor), O=old, HS=humongous(starts), HC=humongous(continues), CS=collection set, F=free, OA=open archive, CA=closed archive, TAMS=top-at-mark-start (previous, next)
|   0|0x00000000c0e00000, 0x00000000c0f00000, 0x00000000c0f00000|100%|HS|  |TAMS 0x00000000c0f00000, 0x00000000c0e00000| Complete 
|   1|0x00000000c0f00000, 0x00000000c1000000, 0x00000000c1000000|100%| O|  |TAMS 0x00000000c1000000, 0x00000000c0f00000| Untracked 
|   2|0x00000000c1000000, 0x00000000c1100000, 0x00000000c1100000|100%| O|  |TAMS 0x00000000c1100000, 0x00000000c1000000| Untracked 
|   3|0x00000000c1100000, 0x00000000c1200000, 0x00000000c1200000|100%| O|  |TAMS 0x00000000c1200000, 0x00000000c1100000| Untracked 
|   4|0x00000000c1200000, 0x00000000c1300000, 0x00000000c1300000|100%| O|  |TAMS 0x00000000c1300000, 0x00000000c1200000| Untracked 
|   5|0x00000000c1300000, 0x00000000c1400000, 0x00000000c1400000|100%| O|  |TAMS 0x00000000c1400000, 0x00000000c1300000| Untracked 
|   6|0x00000000c1400000, 0x00000000c1400000, 0x00000000c1500000|  0%| F|  |TAMS 0x00000000c1400000, 0x00000000c1400000| Untracked 
|   7|0x00000000c1500000, 0x00000000c1600000, 0x00000000c1600000|100%| O|  |TAMS 0x00000000c1500000, 0x00000000c1500000| Untracked 
|   8|0x00000000c1600000, 0x00000000c1700000, 0x00000000c1700000|100%| O|  |TAMS 0x00000000c1600000, 0x00000000c1600000| Untracked 
|   9|0x00000000c1700000, 0x00000000c1800000, 0x00000000c1800000|100%| O|  |TAMS 0x00000000c1700000, 0x00000000c1700000| Untracked 
|  10|0x00000000c1800000, 0x00000000c1900000, 0x00000000c1900000|100%| O|  |TAMS 0x00000000c1800000, 0x00000000c1800000| Untracked 
|  11|0x00000000c1900000, 0x00000000c1900000, 0x00000000c1a00000|  0%| F|  |TAMS 0x00000000c1900000, 0x00000000c1900000| Untracked 
|  12|0x00000000c1a00000, 0x00000000c1a00000, 0x00000000c1b00000|  0%| F|  |TAMS 0x00000000c1a00000, 0x00000000c1a00000| Untracked 
|  13|0x00000000c1b00000, 0x00000000c1b00000, 0x00000000c1c00000|  0%| F|  |TAMS 0x00000000c1b00000, 0x00000000c1b00000| Untracked 
|  14|0x00000000c1c00000, 0x00000000c1c00000, 0x00000000c1d00000|  0%| F|  |TAMS 0x00000000c1c00000, 0x00000000c1c00000| Untracked 
|  15|0x00000000c1d00000, 0x00000000c1d9a800, 0x00000000c1e00000| 60%| O|  |TAMS 0x00000000c1d00000, 0x00000000c1d00000| Untracked 
|  16|0x00000000c1e00000, 0x00000000c1e00000, 0x00000000c1f00000|  0%| F|  |TAMS 0x00000000c1e00000, 0x00000000c1e00000| Untracked 
|  17|0x00000000c1f00000, 0x00000000c1f00000, 0x00000000c2000000|  0%| F|  |TAMS 0x00000000c1f00000, 0x00000000c1f00000| Untracked 
|  18|0x00000000c2000000, 0x00000000c2000000, 0x00000000c2100000|  0%| F|  |TAMS 0x00000000c2000000, 0x00000000c2000000| Untracked 
|  19|0x00000000c2100000, 0x00000000c2100000, 0x00000000c2200000|  0%| F|  |TAMS 0x00000000c2100000, 0x00000000c2100000| Untracked 
|  20|0x00000000c2200000, 0x00000000c2200000, 0x00000000c2300000|  0%| F|  |TAMS 0x00000000c2200000, 0x00000000c2200000| Untracked 
|  21|0x00000000c2300000, 0x00000000c231dd30, 0x00000000c2400000| 11%| S|CS|TAMS 0x00000000c2300000, 0x00000000c2300000| Complete 
|  22|0x00000000c2400000, 0x00000000c2500000, 0x00000000c2500000|100%| S|CS|TAMS 0x00000000c2400000, 0x00000000c2400000| Complete 
|  23|0x00000000c2500000, 0x00000000c2500000, 0x00000000c2600000|  0%| F|  |TAMS 0x00000000c2500000, 0x00000000c2500000| Untracked 
|  24|0x00000000c2600000, 0x00000000c2600000, 0x00000000c2700000|  0%| F|  |TAMS 0x00000000c2600000, 0x00000000c2600000| Untracked 
|  25|0x00000000c2700000, 0x00000000c2700000, 0x00000000c2800000|  0%| F|  |TAMS 0x00000000c2700000, 0x00000000c2700000| Untracked 
|  26|0x00000000c2800000, 0x00000000c2800000, 0x00000000c2900000|  0%| F|  |TAMS 0x00000000c2800000, 0x00000000c2800000| Untracked 
|  27|0x00000000c2900000, 0x00000000c2900000, 0x00000000c2a00000|  0%| F|  |TAMS 0x00000000c2900000, 0x00000000c2900000| Untracked 
|  28|0x00000000c2a00000, 0x00000000c2a00000, 0x00000000c2b00000|  0%| F|  |TAMS 0x00000000c2a00000, 0x00000000c2a00000| Untracked 
|  29|0x00000000c2b00000, 0x00000000c2b00000, 0x00000000c2c00000|  0%| F|  |TAMS 0x00000000c2b00000, 0x00000000c2b00000| Untracked 
|  30|0x00000000c2c00000, 0x00000000c2c00000, 0x00000000c2d00000|  0%| F|  |TAMS 0x00000000c2c00000, 0x00000000c2c00000| Untracked 
|  31|0x00000000c2d00000, 0x00000000c2d00000, 0x00000000c2e00000|  0%| F|  |TAMS 0x00000000c2d00000, 0x00000000c2d00000| Untracked 
|  32|0x00000000c2e00000, 0x00000000c2e00000, 0x00000000c2f00000|  0%| F|  |TAMS 0x00000000c2e00000, 0x00000000c2e00000| Untracked 
|  52|0x00000000c4200000, 0x00000000c4200000, 0x00000000c4300000|  0%| F|  |TAMS 0x00000000c4200000, 0x00000000c4200000| Untracked 
|  53|0x00000000c4300000, 0x00000000c4300000, 0x00000000c4400000|  0%| F|  |TAMS 0x00000000c4300000, 0x00000000c4300000| Untracked 
|  54|0x00000000c4400000, 0x00000000c4400000, 0x00000000c4500000|  0%| F|  |TAMS 0x00000000c4400000, 0x00000000c4400000| Untracked 
|  63|0x00000000c4d00000, 0x00000000c4d00000, 0x00000000c4e00000|  0%| F|  |TAMS 0x00000000c4d00000, 0x00000000c4d00000| Untracked 

Card table byte_map: [0x0000000009170000,0x0000000009370000] _byte_map_base: 0x0000000008b69000

Marking Bits (Prev, Next): (CMBitMap*) 0x00000000005083c0, (CMBitMap*) 0x0000000000508380
 Prev Bits: [0x000000000a540000, 0x000000000b508000)
 Next Bits: [0x0000000009570000, 0x000000000a538000)

Polling page: 0x00000000001b0000

Metaspace:

Usage:
  Non-class:     22.63 MB used.
      Class:      3.21 MB used.
       Both:     25.83 MB used.

Virtual space:
  Non-class space:       24.00 MB reserved,      22.75 MB ( 95%) committed,  3 nodes.
      Class space:        1.00 GB reserved,       3.31 MB ( <1%) committed,  1 nodes.
             Both:        1.02 GB reserved,      26.06 MB (  2%) committed. 

Chunk freelists:
   Non-Class:  1.00 MB
       Class:  672.00 KB
        Both:  1.66 MB

MaxMetaspaceSize: unlimited
CompressedClassSpaceSize: 1.00 GB
Initial GC threshold: 21.00 MB
Current GC threshold: 35.31 MB
CDS: off
MetaspaceReclaimPolicy: balanced
 - commit_granule_bytes: 65536.
 - commit_granule_words: 8192.
 - virtual_space_node_default_size: 1048576.
 - enlarge_chunks_in_place: 1.
 - new_chunks_are_fully_committed: 0.
 - uncommit_free_chunks: 1.
 - use_allocation_guard: 0.
 - handle_deallocations: 1.


Internal statistics:

num_allocs_failed_limit: 3.
num_arena_births: 246.
num_arena_deaths: 0.
num_vsnodes_births: 4.
num_vsnodes_deaths: 0.
num_space_committed: 417.
num_space_uncommitted: 0.
num_chunks_returned_to_freelist: 3.
num_chunks_taken_from_freelist: 813.
num_chunk_merges: 3.
num_chunk_splits: 537.
num_chunks_enlarged: 387.
num_purges: 0.
num_inconsistent_stats: 0.

CodeCache: size=49152Kb used=5919Kb max_used=5919Kb free=43232Kb
 bounds [0x0000000005b30000, 0x0000000006100000, 0x0000000008b30000]
 total_blobs=2895 nmethods=2420 adapters=400
 compilation: enabled
              stopped_count=0, restarted_count=0
 full_count=0

Compilation events (20 events):
Event: 5.533 Thread 0x000000004f9a4550 nmethod 2420 0x00000000060f3410 code [0x00000000060f3680, 0x00000000060f3bb8]
Event: 5.533 Thread 0x000000000e1a44c0 nmethod 2418 0x00000000060f2510 code [0x00000000060f2740, 0x00000000060f2f58]
Event: 5.534 Thread 0x000000005070d6f0 nmethod 2419 0x00000000060f3e90 code [0x00000000060f40a0, 0x00000000060f4598]
Event: 5.535 Thread 0x000000000e1a44c0 2422       1       java.util.Arrays::rangeCheck (74 bytes)
Event: 5.535 Thread 0x000000000e1a44c0 nmethod 2422 0x00000000060f4810 code [0x00000000060f4a40, 0x00000000060f4f88]
Event: 5.536 Thread 0x000000000e1a44c0 2424       1       org.springframework.core.type.classreading.MergedAnnotationReadingVisitor$ArrayVisitor::visit (27 bytes)
Event: 5.536 Thread 0x000000000e1a44c0 nmethod 2424 0x00000000060f5590 code [0x00000000060f5740, 0x00000000060f58d8]
Event: 5.538 Thread 0x000000000e1a44c0 2426       1       java.lang.invoke.MethodHandle::intrinsicName (4 bytes)
Event: 5.539 Thread 0x000000000e1a44c0 nmethod 2426 0x00000000060f5d10 code [0x00000000060f5ea0, 0x00000000060f5f78]
Event: 5.540 Thread 0x000000000e1a44c0 2428       1       java.lang.invoke.LambdaFormBuffer::changeName (149 bytes)
Event: 5.540 Thread 0x000000005070d6f0 2429       1       java.lang.invoke.LambdaForm$Name::internArguments (62 bytes)
Event: 5.540 Thread 0x000000005070d6f0 nmethod 2429 0x00000000060f6610 code [0x00000000060f67c0, 0x00000000060f6a28]
Event: 5.540 Thread 0x000000000e1a44c0 nmethod 2428 0x00000000060f6b90 code [0x00000000060f6d40, 0x00000000060f6fe8]
Event: 5.540 Thread 0x000000005070d6f0 2431       1       java.lang.invoke.InvokerBytecodeGenerator::refKindOpcode (112 bytes)
Event: 5.541 Thread 0x000000005070d6f0 nmethod 2431 0x00000000060f7190 code [0x00000000060f73c0, 0x00000000060f7918]
Event: 5.543 Thread 0x000000000e1a44c0 2432       1       java.lang.invoke.AbstractValidatingLambdaMetafactory::checkDescriptor (133 bytes)
Event: 5.543 Thread 0x000000005070d6f0 2433       1       java.lang.invoke.AbstractValidatingLambdaMetafactory::isAdaptableToAsReturnStrict (34 bytes)
Event: 5.543 Thread 0x000000004f9a4550 2443       1       java.lang.invoke.InnerClassLambdaMetafactory$ForwardingMethodGenerator::convertArgumentTypes (96 bytes)
Event: 5.543 Thread 0x000000005070d6f0 nmethod 2433 0x00000000060f7b10 code [0x00000000060f7cc0, 0x00000000060f7e48]
Event: 5.543 Thread 0x000000005070d6f0 2439   !   1       java.lang.invoke.InnerClassLambdaMetafactory::generateInnerClass (618 bytes)

GC Heap History (13 events):
Event: 1.846 GC heap before
{Heap before GC invocations=0 (full 0):
 garbage-first heap   total 65536K, used 13312K [0x00000000c0e00000, 0x0000000100000000)
  region size 1024K, 13 young (13312K), 0 survivors (0K)
 Metaspace       used 13079K, committed 13248K, reserved 1064960K
  class space    used 1329K, committed 1408K, reserved 1048576K
}
Event: 1.858 GC heap after
{Heap after GC invocations=1 (full 0):
 garbage-first heap   total 65536K, used 6884K [0x00000000c0e00000, 0x0000000100000000)
  region size 1024K, 2 young (2048K), 2 survivors (2048K)
 Metaspace       used 13079K, committed 13248K, reserved 1064960K
  class space    used 1329K, committed 1408K, reserved 1048576K
}
Event: 2.166 GC heap before
{Heap before GC invocations=1 (full 0):
 garbage-first heap   total 65536K, used 17124K [0x00000000c0e00000, 0x0000000100000000)
  region size 1024K, 12 young (12288K), 2 survivors (2048K)
 Metaspace       used 15246K, committed 15424K, reserved 1064960K
  class space    used 1601K, committed 1664K, reserved 1048576K
}
Event: 2.172 GC heap after
{Heap after GC invocations=2 (full 0):
 garbage-first heap   total 65536K, used 8195K [0x00000000c0e00000, 0x0000000100000000)
  region size 1024K, 2 young (2048K), 2 survivors (2048K)
 Metaspace       used 15246K, committed 15424K, reserved 1064960K
  class space    used 1601K, committed 1664K, reserved 1048576K
}
Event: 2.912 GC heap before
{Heap before GC invocations=2 (full 0):
 garbage-first heap   total 65536K, used 25603K [0x00000000c0e00000, 0x0000000100000000)
  region size 1024K, 20 young (20480K), 2 survivors (2048K)
 Metaspace       used 19431K, committed 19712K, reserved 1073152K
  class space    used 2247K, committed 2368K, reserved 1048576K
}
Event: 2.933 GC heap after
{Heap after GC invocations=3 (full 0):
 garbage-first heap   total 65536K, used 9374K [0x00000000c0e00000, 0x0000000100000000)
  region size 1024K, 3 young (3072K), 3 survivors (3072K)
 Metaspace       used 19431K, committed 19712K, reserved 1073152K
  class space    used 2247K, committed 2368K, reserved 1048576K
}
Event: 4.168 GC heap before
{Heap before GC invocations=3 (full 0):
 garbage-first heap   total 65536K, used 16542K [0x00000000c0e00000, 0x0000000100000000)
  region size 1024K, 12 young (12288K), 3 survivors (3072K)
 Metaspace       used 21309K, committed 21504K, reserved 1073152K
  class space    used 2491K, committed 2560K, reserved 1048576K
}
Event: 4.175 GC heap after
{Heap after GC invocations=4 (full 0):
 garbage-first heap   total 65536K, used 9967K [0x00000000c0e00000, 0x0000000100000000)
  region size 1024K, 3 young (3072K), 3 survivors (3072K)
 Metaspace       used 21309K, committed 21504K, reserved 1073152K
  class space    used 2491K, committed 2560K, reserved 1048576K
}
Event: 5.007 GC heap before
{Heap before GC invocations=5 (full 0):
 garbage-first heap   total 37888K, used 28399K [0x00000000c0e00000, 0x0000000100000000)
  region size 1024K, 22 young (22528K), 3 survivors (3072K)
 Metaspace       used 24711K, committed 24896K, reserved 1073152K
  class space    used 2984K, committed 3072K, reserved 1048576K
}
Event: 5.021 GC heap after
{Heap after GC invocations=6 (full 0):
 garbage-first heap   total 37888K, used 11236K [0x00000000c0e00000, 0x0000000100000000)
  region size 1024K, 4 young (4096K), 4 survivors (4096K)
 Metaspace       used 24711K, committed 24896K, reserved 1073152K
  class space    used 2984K, committed 3072K, reserved 1048576K
}
Event: 5.042 GC heap before
{Heap before GC invocations=6 (full 0):
 garbage-first heap   total 37888K, used 12260K [0x00000000c0e00000, 0x0000000100000000)
  region size 1024K, 5 young (5120K), 4 survivors (4096K)
 Metaspace       used 24829K, committed 25024K, reserved 1073152K
  class space    used 3011K, committed 3136K, reserved 1048576K
}
Event: 5.048 GC heap after
{Heap after GC invocations=7 (full 0):
 garbage-first heap   total 37888K, used 11277K [0x00000000c0e00000, 0x0000000100000000)
  region size 1024K, 1 young (1024K), 1 survivors (1024K)
 Metaspace       used 24829K, committed 25024K, reserved 1073152K
  class space    used 3011K, committed 3136K, reserved 1048576K
}
Event: 5.546 GC heap before
{Heap before GC invocations=7 (full 0):
 garbage-first heap   total 37888K, used 24589K [0x00000000c0e00000, 0x0000000100000000)
  region size 1024K, 14 young (14336K), 1 survivors (1024K)
 Metaspace       used 26454K, committed 26688K, reserved 1073152K
  class space    used 3285K, committed 3392K, reserved 1048576K
}

Deoptimization events (6 events):
Event: 0.855 Thread 0x00000000004d6b80 DEOPT PACKING pc=0x0000000005d6ce75 sp=0x000000000227d1a0
Event: 0.855 Thread 0x00000000004d6b80 DEOPT UNPACKING pc=0x0000000005b82b43 sp=0x000000000227c610 mode 3
Event: 4.378 Thread 0x00000000508e06c0 DEOPT PACKING pc=0x000000000603c9ed sp=0x000000005299bbe0
Event: 4.378 Thread 0x00000000508e06c0 DEOPT UNPACKING pc=0x0000000005b82b43 sp=0x000000005299b140 mode 3
Event: 5.059 Thread 0x00000000507d4f40 DEOPT PACKING pc=0x0000000006057119 sp=0x000000005286c010
Event: 5.059 Thread 0x00000000507d4f40 DEOPT UNPACKING pc=0x0000000005b82b43 sp=0x000000005286b4f0 mode 3

Classes unloaded (0 events):
No events

Classes redefined (0 events):
No events

Internal exceptions (20 events):
Event: 4.378 Thread 0x00000000508e06c0 Implicit null exception at 0x000000000603c323 to 0x000000000603c9e8
Event: 4.403 Thread 0x00000000507d4f40 Exception <a 'java/lang/ClassNotFoundException'{0x00000000c2cbf6b0}: java/lang/ObjectCustomizer> (0x00000000c2cbf6b0) 
thrown [e:\jenkins\tmp\workspace\build\src\src\hotspot\share\classfile\systemDictionary.cpp, line 256]
Event: 4.424 Thread 0x00000000507d4f40 Exception <a 'java/lang/IncompatibleClassChangeError'{0x00000000c2cc4420}: Found class java.lang.Object, but interface was expected> (0x00000000c2cc4420) 
thrown [e:\jenkins\tmp\workspace\build\src\src\hotspot\share\interpreter\linkResolver.cpp, line 833]
Event: 4.436 Thread 0x00000000507d4f40 Exception <a 'java/lang/ClassNotFoundException'{0x00000000c2b940b0}: org/springframework/context/annotation/ConfigurationClassPostProcessorCustomizer> (0x00000000c2b940b0) 
thrown [e:\jenkins\tmp\workspace\build\src\src\hotspot\share\classfile\systemDictionary.cpp, line 256]
Event: 4.451 Thread 0x00000000507d4f40 Exception <a 'java/lang/ClassNotFoundException'{0x00000000c2bb5298}: org/springframework/beans/factory/support/BeanDefinitionRegistryPostProcessorCustomizer> (0x00000000c2bb5298) 
thrown [e:\jenkins\tmp\workspace\build\src\src\hotspot\share\classfile\systemDictionary.cpp, line 256]
Event: 4.452 Thread 0x00000000507d4f40 Exception <a 'java/lang/ClassNotFoundException'{0x00000000c2bbbf38}: org/springframework/beans/factory/config/BeanFactoryPostProcessorCustomizer> (0x00000000c2bbbf38) 
thrown [e:\jenkins\tmp\workspace\build\src\src\hotspot\share\classfile\systemDictionary.cpp, line 256]
Event: 4.453 Thread 0x00000000507d4f40 Exception <a 'java/lang/ClassNotFoundException'{0x00000000c2bc26e8}: org/springframework/core/PriorityOrderedCustomizer> (0x00000000c2bc26e8) 
thrown [e:\jenkins\tmp\workspace\build\src\src\hotspot\share\classfile\systemDictionary.cpp, line 256]
Event: 4.453 Thread 0x00000000507d4f40 Exception <a 'java/lang/ClassNotFoundException'{0x00000000c2bc7a18}: org/springframework/core/OrderedCustomizer> (0x00000000c2bc7a18) 
thrown [e:\jenkins\tmp\workspace\build\src\src\hotspot\share\classfile\systemDictionary.cpp, line 256]
Event: 4.454 Thread 0x00000000507d4f40 Exception <a 'java/lang/ClassNotFoundException'{0x00000000c2bce140}: org/springframework/context/ResourceLoaderAwareCustomizer> (0x00000000c2bce140) 
thrown [e:\jenkins\tmp\workspace\build\src\src\hotspot\share\classfile\systemDictionary.cpp, line 256]
Event: 4.455 Thread 0x00000000507d4f40 Exception <a 'java/lang/ClassNotFoundException'{0x00000000c2bd4908}: org/springframework/beans/factory/AwareCustomizer> (0x00000000c2bd4908) 
thrown [e:\jenkins\tmp\workspace\build\src\src\hotspot\share\classfile\systemDictionary.cpp, line 256]
Event: 4.457 Thread 0x00000000507d4f40 Exception <a 'java/lang/ClassNotFoundException'{0x00000000c2bda198}: org/springframework/context/ApplicationStartupAwareCustomizer> (0x00000000c2bda198) 
thrown [e:\jenkins\tmp\workspace\build\src\src\hotspot\share\classfile\systemDictionary.cpp, line 256]
Event: 4.459 Thread 0x00000000507d4f40 Exception <a 'java/lang/ClassNotFoundException'{0x00000000c2be0be8}: org/springframework/beans/factory/AwareCustomizer> (0x00000000c2be0be8) 
thrown [e:\jenkins\tmp\workspace\build\src\src\hotspot\share\classfile\systemDictionary.cpp, line 256]
Event: 4.461 Thread 0x00000000507d4f40 Exception <a 'java/lang/ClassNotFoundException'{0x00000000c2be6558}: org/springframework/beans/factory/BeanClassLoaderAwareCustomizer> (0x00000000c2be6558) 
thrown [e:\jenkins\tmp\workspace\build\src\src\hotspot\share\classfile\systemDictionary.cpp, line 256]
Event: 4.461 Thread 0x00000000507d4f40 Exception <a 'java/lang/ClassNotFoundException'{0x00000000c2becd08}: org/springframework/beans/factory/AwareCustomizer> (0x00000000c2becd08) 
thrown [e:\jenkins\tmp\workspace\build\src\src\hotspot\share\classfile\systemDictionary.cpp, line 256]
Event: 4.462 Thread 0x00000000507d4f40 Exception <a 'java/lang/ClassNotFoundException'{0x00000000c2bf2278}: org/springframework/context/EnvironmentAwareCustomizer> (0x00000000c2bf2278) 
thrown [e:\jenkins\tmp\workspace\build\src\src\hotspot\share\classfile\systemDictionary.cpp, line 256]
Event: 4.463 Thread 0x00000000507d4f40 Exception <a 'java/lang/ClassNotFoundException'{0x00000000c2bf89c0}: org/springframework/beans/factory/AwareCustomizer> (0x00000000c2bf89c0) 
thrown [e:\jenkins\tmp\workspace\build\src\src\hotspot\share\classfile\systemDictionary.cpp, line 256]
Event: 5.036 Thread 0x00000000507d4f40 Exception <a 'java/lang/IncompatibleClassChangeError'{0x00000000c4db7258}: Found class java.lang.Object, but interface was expected> (0x00000000c4db7258) 
thrown [e:\jenkins\tmp\workspace\build\src\src\hotspot\share\interpreter\linkResolver.cpp, line 833]
Event: 5.163 Thread 0x00000000507d4f40 Exception <a 'java/lang/NoSuchMethodError'{0x00000000c42aa5d8}: 'void java.lang.invoke.DirectMethodHandle$Holder.invokeInterface(java.lang.Object, java.lang.Object, java.lang.Object, java.lang.Object)'> (0x00000000c42aa5d8) 
thrown [e:\jenkins\tmp\workspace\build\src\src\hotspot\share\interpreter\linkResolver.cpp, line 766]
Event: 5.507 Thread 0x00000000508e06c0 Exception <a 'java/lang/NoSuchMethodError'{0x00000000c251d798}: 'java.lang.Object java.lang.invoke.DirectMethodHandle$Holder.invokeStaticInit(java.lang.Object, java.lang.Object, java.lang.Object)'> (0x00000000c251d798) 
thrown [e:\jenkins\tmp\workspace\build\src\src\hotspot\share\interpreter\linkResolver.cpp, line 766]
Event: 5.508 Thread 0x00000000508e06c0 Exception <a 'java/lang/NoSuchMethodError'{0x00000000c2523688}: 'java.lang.Object java.lang.invoke.DirectMethodHandle$Holder.invokeStaticInit(java.lang.Object, java.lang.Object, java.lang.Object, java.lang.Object, java.lang.Object)'> (0x00000000c2523688) 
thrown [e:\jenkins\tmp\workspace\build\src\src\hotspot\share\interpreter\linkResolver.cpp, line 766]

VM Operations (20 events):
Event: 4.161 Executing VM operation: HandshakeAllThreads done
Event: 4.161 Executing VM operation: Cleanup
Event: 4.163 Executing VM operation: Cleanup done
Event: 4.168 Executing VM operation: CollectForMetadataAllocation
Event: 4.181 Executing VM operation: CollectForMetadataAllocation done
Event: 4.194 Executing VM operation: G1Concurrent
Event: 4.229 Executing VM operation: G1Concurrent done
Event: 4.233 Executing VM operation: G1Concurrent
Event: 4.252 Executing VM operation: G1Concurrent done
Event: 4.290 Executing VM operation: HandshakeAllThreads
Event: 4.290 Executing VM operation: HandshakeAllThreads done
Event: 4.430 Executing VM operation: HandshakeAllThreads
Event: 4.430 Executing VM operation: HandshakeAllThreads done
Event: 4.515 Executing VM operation: HandshakeAllThreads
Event: 4.516 Executing VM operation: HandshakeAllThreads done
Event: 5.007 Executing VM operation: G1CollectForAllocation
Event: 5.031 Executing VM operation: G1CollectForAllocation done
Event: 5.041 Executing VM operation: G1CollectForAllocation
Event: 5.048 Executing VM operation: G1CollectForAllocation done
Event: 5.544 Executing VM operation: G1CollectForAllocation

Events (20 events):
Event: 5.510 loading class javax/xml/transform/stream/StreamSource
Event: 5.510 loading class javax/xml/transform/stream/StreamSource done
Event: 5.510 loading class javax/xml/transform/TransformerFactory
Event: 5.510 loading class javax/xml/transform/TransformerFactory done
Event: 5.510 loading class javax/xml/transform/FactoryFinder
Event: 5.511 loading class javax/xml/transform/FactoryFinder done
Event: 5.511 loading class jdk/xml/internal/SecuritySupport
Event: 5.511 loading class jdk/xml/internal/SecuritySupport done
Event: 5.535 loading class java/lang/invoke/BoundMethodHandle$Species_LLLLLLLL
Event: 5.535 loading class java/lang/invoke/BoundMethodHandle$Species_LLLLLLLL done
Event: 5.539 loading class java/lang/invoke/BoundMethodHandle$Species_LLLLLLLLL
Event: 5.539 loading class java/lang/invoke/BoundMethodHandle$Species_LLLLLLLLL done
Event: 5.541 loading class javax/xml/transform/FactoryFinder$1
Event: 5.541 loading class javax/xml/transform/FactoryFinder$1 done
Event: 5.543 loading class com/sun/org/apache/xalan/internal/xsltc/trax/TransformerFactoryImpl
Event: 5.545 loading class com/sun/org/apache/xalan/internal/xsltc/compiler/SourceLoader
Event: 5.545 loading class com/sun/org/apache/xalan/internal/xsltc/compiler/SourceLoader done
Event: 5.545 loading class javax/xml/transform/sax/SAXTransformerFactory
Event: 5.545 loading class javax/xml/transform/sax/SAXTransformerFactory done
Event: 5.545 loading class com/sun/org/apache/xalan/internal/xsltc/trax/TransformerFactoryImpl done


Dynamic libraries:
0x000000013faf0000 - 0x000000013fafe000 	C:\bitwork0314\sts-4.14.1.RELEASE\plugins\org.eclipse.justj.openjdk.hotspot.jre.full.win32.x86_64_17.0.2.v20220201-1208\jre\bin\javaw.exe
0x0000000077480000 - 0x0000000077629000 	C:\Windows\SYSTEM32\ntdll.dll
0x0000000077360000 - 0x000000007747f000 	C:\Windows\system32\kernel32.dll
0x000007fefd520000 - 0x000007fefd58c000 	C:\Windows\system32\KERNELBASE.dll
0x000007feef3a0000 - 0x000007feef3b8000 	C:\bitwork0314\sts-4.14.1.RELEASE\plugins\org.eclipse.justj.openjdk.hotspot.jre.full.win32.x86_64_17.0.2.v20220201-1208\jre\bin\jli.dll
0x000007fefb1c0000 - 0x000007fefb3b4000 	C:\Windows\WinSxS\amd64_microsoft.windows.common-controls_6595b64144ccf1df_6.0.7601.17514_none_fa396087175ac9ac\COMCTL32.dll
0x000007fefe9b0000 - 0x000007fefea4f000 	C:\Windows\system32\msvcrt.dll
0x000007fefe8f0000 - 0x000007fefe957000 	C:\Windows\system32\GDI32.dll
0x0000000077260000 - 0x000000007735a000 	C:\Windows\system32\USER32.dll
0x000007fefd7c0000 - 0x000007fefd7ce000 	C:\Windows\system32\LPK.dll
0x000007fefe7d0000 - 0x000007fefe899000 	C:\Windows\system32\USP10.dll
0x000007fefd600000 - 0x000007fefd671000 	C:\Windows\system32\SHLWAPI.dll
0x000007fef6ce0000 - 0x000007fef6cf9000 	C:\bitwork0314\sts-4.14.1.RELEASE\plugins\org.eclipse.justj.openjdk.hotspot.jre.full.win32.x86_64_17.0.2.v20220201-1208\jre\bin\VCRUNTIME140.dll
0x000007fef3e60000 - 0x000007fef3e64000 	C:\bitwork0314\sts-4.14.1.RELEASE\plugins\org.eclipse.justj.openjdk.hotspot.jre.full.win32.x86_64_17.0.2.v20220201-1208\jre\bin\api-ms-win-crt-runtime-l1-1-0.dll
0x000007feea880000 - 0x000007feea97a000 	C:\bitwork0314\sts-4.14.1.RELEASE\plugins\org.eclipse.justj.openjdk.hotspot.jre.full.win32.x86_64_17.0.2.v20220201-1208\jre\bin\ucrtbase.DLL
0x000007fef3c80000 - 0x000007fef3c83000 	C:\bitwork0314\sts-4.14.1.RELEASE\plugins\org.eclipse.justj.openjdk.hotspot.jre.full.win32.x86_64_17.0.2.v20220201-1208\jre\bin\api-ms-win-core-localization-l1-2-0.dll
0x000007fef3c70000 - 0x000007fef3c73000 	C:\bitwork0314\sts-4.14.1.RELEASE\plugins\org.eclipse.justj.openjdk.hotspot.jre.full.win32.x86_64_17.0.2.v20220201-1208\jre\bin\api-ms-win-core-processthreads-l1-1-1.dll
0x000007feef590000 - 0x000007feef593000 	C:\bitwork0314\sts-4.14.1.RELEASE\plugins\org.eclipse.justj.openjdk.hotspot.jre.full.win32.x86_64_17.0.2.v20220201-1208\jre\bin\api-ms-win-core-file-l1-2-0.dll
0x000007feef390000 - 0x000007feef393000 	C:\bitwork0314\sts-4.14.1.RELEASE\plugins\org.eclipse.justj.openjdk.hotspot.jre.full.win32.x86_64_17.0.2.v20220201-1208\jre\bin\api-ms-win-core-timezone-l1-1-0.dll
0x000007feec380000 - 0x000007feec383000 	C:\bitwork0314\sts-4.14.1.RELEASE\plugins\org.eclipse.justj.openjdk.hotspot.jre.full.win32.x86_64_17.0.2.v20220201-1208\jre\bin\api-ms-win-core-file-l2-1-0.dll
0x000007feeb1d0000 - 0x000007feeb1d3000 	C:\bitwork0314\sts-4.14.1.RELEASE\plugins\org.eclipse.justj.openjdk.hotspot.jre.full.win32.x86_64_17.0.2.v20220201-1208\jre\bin\api-ms-win-core-synch-l1-2-0.dll
0x000007feeaa70000 - 0x000007feeaa73000 	C:\bitwork0314\sts-4.14.1.RELEASE\plugins\org.eclipse.justj.openjdk.hotspot.jre.full.win32.x86_64_17.0.2.v20220201-1208\jre\bin\api-ms-win-crt-heap-l1-1-0.dll
0x000007feeaa60000 - 0x000007feeaa64000 	C:\bitwork0314\sts-4.14.1.RELEASE\plugins\org.eclipse.justj.openjdk.hotspot.jre.full.win32.x86_64_17.0.2.v20220201-1208\jre\bin\api-ms-win-crt-string-l1-1-0.dll
0x000007feeaa50000 - 0x000007feeaa54000 	C:\bitwork0314\sts-4.14.1.RELEASE\plugins\org.eclipse.justj.openjdk.hotspot.jre.full.win32.x86_64_17.0.2.v20220201-1208\jre\bin\api-ms-win-crt-stdio-l1-1-0.dll
0x000007feeaa40000 - 0x000007feeaa44000 	C:\bitwork0314\sts-4.14.1.RELEASE\plugins\org.eclipse.justj.openjdk.hotspot.jre.full.win32.x86_64_17.0.2.v20220201-1208\jre\bin\api-ms-win-crt-convert-l1-1-0.dll
0x000007feeaa30000 - 0x000007feeaa33000 	C:\bitwork0314\sts-4.14.1.RELEASE\plugins\org.eclipse.justj.openjdk.hotspot.jre.full.win32.x86_64_17.0.2.v20220201-1208\jre\bin\api-ms-win-crt-environment-l1-1-0.dll
0x000007feeaa20000 - 0x000007feeaa23000 	C:\bitwork0314\sts-4.14.1.RELEASE\plugins\org.eclipse.justj.openjdk.hotspot.jre.full.win32.x86_64_17.0.2.v20220201-1208\jre\bin\api-ms-win-crt-filesystem-l1-1-0.dll
0x000007feeaa10000 - 0x000007feeaa15000 	C:\bitwork0314\sts-4.14.1.RELEASE\plugins\org.eclipse.justj.openjdk.hotspot.jre.full.win32.x86_64_17.0.2.v20220201-1208\jre\bin\api-ms-win-crt-math-l1-1-0.dll
0x000007feeaa00000 - 0x000007feeaa03000 	C:\bitwork0314\sts-4.14.1.RELEASE\plugins\org.eclipse.justj.openjdk.hotspot.jre.full.win32.x86_64_17.0.2.v20220201-1208\jre\bin\api-ms-win-crt-locale-l1-1-0.dll
0x000007fefe8a0000 - 0x000007fefe8ce000 	C:\Windows\system32\IMM32.DLL
0x000007feff2f0000 - 0x000007feff3f9000 	C:\Windows\system32\MSCTF.dll
0x000007feea9f0000 - 0x000007feea9fc000 	C:\bitwork0314\sts-4.14.1.RELEASE\plugins\org.eclipse.justj.openjdk.hotspot.jre.full.win32.x86_64_17.0.2.v20220201-1208\jre\bin\vcruntime140_1.dll
0x000007feddfe0000 - 0x000007fede071000 	C:\bitwork0314\sts-4.14.1.RELEASE\plugins\org.eclipse.justj.openjdk.hotspot.jre.full.win32.x86_64_17.0.2.v20220201-1208\jre\bin\msvcp140.dll
0x000007feea9e0000 - 0x000007feea9e3000 	C:\bitwork0314\sts-4.14.1.RELEASE\plugins\org.eclipse.justj.openjdk.hotspot.jre.full.win32.x86_64_17.0.2.v20220201-1208\jre\bin\api-ms-win-crt-time-l1-1-0.dll
0x000007feea9d0000 - 0x000007feea9d3000 	C:\bitwork0314\sts-4.14.1.RELEASE\plugins\org.eclipse.justj.openjdk.hotspot.jre.full.win32.x86_64_17.0.2.v20220201-1208\jre\bin\api-ms-win-crt-utility-l1-1-0.dll
0x000007fee9bf0000 - 0x000007feea837000 	C:\bitwork0314\sts-4.14.1.RELEASE\plugins\org.eclipse.justj.openjdk.hotspot.jre.full.win32.x86_64_17.0.2.v20220201-1208\jre\bin\server\jvm.dll
0x000007feff210000 - 0x000007feff2eb000 	C:\Windows\system32\ADVAPI32.dll
0x000007fefe8d0000 - 0x000007fefe8ef000 	C:\Windows\SYSTEM32\sechost.dll
0x000007fefd680000 - 0x000007fefd7ad000 	C:\Windows\system32\RPCRT4.dll
0x000007fef3c40000 - 0x000007fef3c49000 	C:\Windows\system32\WSOCK32.dll
0x000007fefe960000 - 0x000007fefe9ad000 	C:\Windows\system32\WS2_32.dll
0x000007fefd7b0000 - 0x000007fefd7b8000 	C:\Windows\system32\NSI.dll
0x000007fefa980000 - 0x000007fefa9bb000 	C:\Windows\system32\WINMM.dll
0x000007fefc2e0000 - 0x000007fefc2ec000 	C:\Windows\system32\VERSION.dll
0x0000000077650000 - 0x0000000077657000 	C:\Windows\system32\PSAPI.DLL
0x000007fef4bb0000 - 0x000007fef4bba000 	C:\bitwork0314\sts-4.14.1.RELEASE\plugins\org.eclipse.justj.openjdk.hotspot.jre.full.win32.x86_64_17.0.2.v20220201-1208\jre\bin\jimage.dll
0x000007fefb7c0000 - 0x000007fefb8e5000 	C:\Windows\system32\DBGHELP.DLL
0x000007feef3c0000 - 0x000007feef3e5000 	C:\bitwork0314\sts-4.14.1.RELEASE\plugins\org.eclipse.justj.openjdk.hotspot.jre.full.win32.x86_64_17.0.2.v20220201-1208\jre\bin\java.dll
0x000007feefa50000 - 0x000007feefa68000 	C:\bitwork0314\sts-4.14.1.RELEASE\plugins\org.eclipse.justj.openjdk.hotspot.jre.full.win32.x86_64_17.0.2.v20220201-1208\jre\bin\zip.dll
0x000007fefd9e0000 - 0x000007fefe768000 	C:\Windows\system32\SHELL32.dll
0x000007fefd7d0000 - 0x000007fefd9d3000 	C:\Windows\system32\ole32.dll
0x000007fefd240000 - 0x000007fefd24f000 	C:\Windows\system32\profapi.dll
0x000007feeb470000 - 0x000007feeb489000 	C:\bitwork0314\sts-4.14.1.RELEASE\plugins\org.eclipse.justj.openjdk.hotspot.jre.full.win32.x86_64_17.0.2.v20220201-1208\jre\bin\net.dll
0x000007fef67b0000 - 0x000007fef6821000 	C:\Windows\system32\WINHTTP.dll
0x000007fef6740000 - 0x000007fef67a4000 	C:\Windows\system32\webio.dll
0x000007fefca20000 - 0x000007fefca75000 	C:\Windows\system32\mswsock.dll
0x000007fefca10000 - 0x000007fefca17000 	C:\Windows\System32\wship6.dll
0x000007feeb450000 - 0x000007feeb465000 	C:\bitwork0314\sts-4.14.1.RELEASE\plugins\org.eclipse.justj.openjdk.hotspot.jre.full.win32.x86_64_17.0.2.v20220201-1208\jre\bin\nio.dll
0x000007fef6db0000 - 0x000007fef6db9000 	C:\bitwork0314\sts-4.14.1.RELEASE\plugins\org.eclipse.justj.openjdk.hotspot.jre.full.win32.x86_64_17.0.2.v20220201-1208\jre\bin\management.dll
0x000007fef6d00000 - 0x000007fef6d0b000 	C:\bitwork0314\sts-4.14.1.RELEASE\plugins\org.eclipse.justj.openjdk.hotspot.jre.full.win32.x86_64_17.0.2.v20220201-1208\jre\bin\management_ext.dll
0x000007fefbe30000 - 0x000007fefbe45000 	C:\Windows\system32\NLAapi.dll
0x000007fef6a50000 - 0x000007fef6a65000 	C:\Windows\system32\napinsp.dll
0x000007fef6a30000 - 0x000007fef6a49000 	C:\Windows\system32\pnrpnsp.dll
0x000007fef6a20000 - 0x000007fef6a30000 	C:\Windows\system32\wshbth.dll
0x000007fefc8a0000 - 0x000007fefc8fb000 	C:\Windows\system32\DNSAPI.dll
0x000007fef6a10000 - 0x000007fef6a1b000 	C:\Windows\System32\winrnr.dll
0x000007fef8460000 - 0x000007fef848f000 	C:\Program Files\Common Files\Microsoft Shared\Windows Live\WLIDNSP.DLL
0x000007fefc3b0000 - 0x000007fefc3b7000 	C:\Windows\System32\wshtcpip.dll
0x000007fefa5c0000 - 0x000007fefa5e7000 	C:\Windows\system32\IPHLPAPI.DLL
0x000007fefa5b0000 - 0x000007fefa5bb000 	C:\Windows\system32\WINNSI.DLL
0x000007fef8cf0000 - 0x000007fef8cf8000 	C:\Windows\system32\rasadhlp.dll
0x000007fefa220000 - 0x000007fefa273000 	C:\Windows\System32\fwpuclnt.dll
0x000007fefca80000 - 0x000007fefca97000 	C:\Windows\system32\CRYPTSP.dll
0x000007fefc780000 - 0x000007fefc7c7000 	C:\Windows\system32\rsaenh.dll
0x000007fefd5e0000 - 0x000007fefd5fe000 	C:\Windows\system32\USERENV.dll
0x000007fefd0e0000 - 0x000007fefd0ef000 	C:\Windows\system32\CRYPTBASE.dll
0x000007fefa160000 - 0x000007fefa171000 	C:\Windows\system32\dhcpcsvc6.DLL
0x000007fefa0e0000 - 0x000007fefa0f8000 	C:\Windows\system32\dhcpcsvc.DLL
0x000007fef2f20000 - 0x000007fef2f30000 	C:\bitwork0314\sts-4.14.1.RELEASE\plugins\org.eclipse.justj.openjdk.hotspot.jre.full.win32.x86_64_17.0.2.v20220201-1208\jre\bin\verify.dll

dbghelp: loaded successfully - version: 4.0.5 - missing functions: none
symbol engine: initialized successfully - sym options: 0x614 - pdb path: .;C:\bitwork0314\sts-4.14.1.RELEASE\plugins\org.eclipse.justj.openjdk.hotspot.jre.full.win32.x86_64_17.0.2.v20220201-1208\jre\bin;C:\Windows\SYSTEM32;C:\Windows\WinSxS\amd64_microsoft.windows.common-controls_6595b64144ccf1df_6.0.7601.17514_none_fa396087175ac9ac;C:\bitwork0314\sts-4.14.1.RELEASE\plugins\org.eclipse.justj.openjdk.hotspot.jre.full.win32.x86_64_17.0.2.v20220201-1208\jre\bin\server;C:\Program Files\Common Files\Microsoft Shared\Windows Live

VM Arguments:
jvm_args: -Dcom.sun.management.jmxremote -Dcom.sun.management.jmxremote.port=1083 -Dcom.sun.management.jmxremote.authenticate=false -Dcom.sun.management.jmxremote.ssl=false -Djava.rmi.server.hostname=localhost -Dspring.jmx.enabled=true -Dspring.application.admin.enabled=true -XX:TieredStopAtLevel=1 -Dspring.boot.project.name=Semi_Project_HKCLH -Dfile.encoding=UTF-8 -XX:+ShowCodeDetailsInExceptionMessages 
java_command: project.home.study.SemiProjectHkclhApplication --spring.output.ansi.enabled=always
java_class_path (initial): C:\Users\james\git\SemiProject_HKCLH\Semi_Project_HKCLH\target\classes;C:\Users\james\.m2\repository\org\springframework\boot\spring-boot-starter-data-jpa\2.6.7\spring-boot-starter-data-jpa-2.6.7.jar;C:\Users\james\.m2\repository\org\springframework\boot\spring-boot-starter-aop\2.6.7\spring-boot-starter-aop-2.6.7.jar;C:\Users\james\.m2\repository\org\springframework\spring-aop\5.3.19\spring-aop-5.3.19.jar;C:\Users\james\.m2\repository\org\aspectj\aspectjweaver\1.9.7\aspectjweaver-1.9.7.jar;C:\Users\james\.m2\repository\org\springframework\boot\spring-boot-starter-jdbc\2.6.7\spring-boot-starter-jdbc-2.6.7.jar;C:\Users\james\.m2\repository\com\zaxxer\HikariCP\4.0.3\HikariCP-4.0.3.jar;C:\Users\james\.m2\repository\org\springframework\spring-jdbc\5.3.19\spring-jdbc-5.3.19.jar;C:\Users\james\.m2\repository\jakarta\transaction\jakarta.transaction-api\1.3.3\jakarta.transaction-api-1.3.3.jar;C:\Users\james\.m2\repository\jakarta\persistence\jakarta.persistence-api\2.2.3\jakarta.persistence-api-2.2.3.jar;C:\Users\james\.m2\repository\org\hibernate\hibernate-core\5.6.8.Final\hibernate-core-5.6.8.Final.jar;C:\Users\james\.m2\repository\org\jboss\logging\jboss-logging\3.4.3.Final\jboss-logging-3.4.3.Final.jar;C:\Users\james\.m2\repository\net\bytebuddy\byte-buddy\1.11.22\byte-buddy-1.11.22.jar;C:\Users\james\.m2\repository\antlr\antlr\2.7.7\antlr-2.7.7.jar;C:\Users\james\.m2\repository\org\jboss\jandex\2.4.2.Final\jandex-2.4.2.Final.jar;C:\Users\james\.m2\repository\com\fasterxml\classmate\1.5.1\classmate-1.5.1.jar;C:\Users\james\.m2\repository\org\hibernate\common\hibernate-commons-annotations\5.1.2.Final\hibernate-commons-annotations-5.1.2.Final.jar;C:\Users\james\.m2\repository\org\glassfish\jaxb\jaxb-runtime\2.3.6\jaxb-runtime-2.3.6.jar;C:\Users\james\.m2\repository\org\glassfish\jaxb\txw2\2.3.6\txw2-2.3.6.jar;C:\Users\james\.m2\repository\com\sun\istack\istack-commons-runtime\3.0.12\istack-commons-runtime-3.0.12.jar;C:\Users\james\.m2\repositor
Launcher Type: SUN_STANDARD

[Global flags]
     intx CICompilerCount                          = 3                                         {product} {ergonomic}
     uint ConcGCThreads                            = 1                                         {product} {ergonomic}
     uint G1ConcRefinementThreads                  = 4                                         {product} {ergonomic}
   size_t G1HeapRegionSize                         = 1048576                                   {product} {ergonomic}
    uintx GCDrainStackTargetSize                   = 64                                        {product} {ergonomic}
   size_t InitialHeapSize                          = 67108864                                  {product} {ergonomic}
     bool ManagementServer                         = true                                      {product} {command line}
   size_t MarkStackSize                            = 4194304                                   {product} {ergonomic}
   size_t MaxHeapSize                              = 1059061760                                {product} {ergonomic}
   size_t MaxNewSize                               = 635437056                                 {product} {ergonomic}
   size_t MinHeapDeltaBytes                        = 1048576                                   {product} {ergonomic}
   size_t MinHeapSize                              = 8388608                                   {product} {ergonomic}
    uintx NonProfiledCodeHeapSize                  = 0                                      {pd product} {ergonomic}
     bool ProfileInterpreter                       = false                                  {pd product} {command line}
    uintx ProfiledCodeHeapSize                     = 0                                      {pd product} {ergonomic}
     bool ShowCodeDetailsInExceptionMessages       = true                                   {manageable} {command line}
   size_t SoftMaxHeapSize                          = 1059061760                             {manageable} {ergonomic}
     intx TieredStopAtLevel                        = 1                                         {product} {command line}
     bool UseCompressedClassPointers               = true                           {product lp64_product} {ergonomic}
     bool UseCompressedOops                        = true                           {product lp64_product} {ergonomic}
     bool UseG1GC                                  = true                                      {product} {ergonomic}
     bool UseLargePagesIndividualAllocation        = false                                  {pd product} {ergonomic}

Logging:
Log output configuration:
 #0: stdout all=warning uptime,level,tags
 #1: stderr all=off uptime,level,tags

Environment Variables:
JAVA_HOME=;C:\bitwork0314\javawork\jdk-11.0.14;
PATH=C:/bitwork0314/sts-4.14.1.RELEASE//plugins/org.eclipse.justj.openjdk.hotspot.jre.full.win32.x86_64_17.0.2.v20220201-1208/jre/bin/server;C:/bitwork0314/sts-4.14.1.RELEASE//plugins/org.eclipse.justj.openjdk.hotspot.jre.full.win32.x86_64_17.0.2.v20220201-1208/jre/bin;C:\Program Files\MySQL\MySQL Server 5.5\bin;C:\oraclexe\app\oracle\product\11.2.0\server\bin;;C:\bitwork0314\javawork\jdk-11.0.14;\bin;C:\bitwork0314\javawork\jdk-11.0.14\bin;C:\Program Files\Git\cmd;;C:\Users\james\AppData\Local\Programs\Microsoft VS Code\bin;C:\bitwork0314\sts-4.14.1.RELEASE;
USERNAME=james
OS=Windows_NT
PROCESSOR_IDENTIFIER=Intel64 Family 6 Model 69 Stepping 1, GenuineIntel



---------------  S Y S T E M  ---------------

OS:
 Windows 7 , 64 bit Build 7601 (6.1.7601.18409)
OS uptime: 0 days 0:01 hours

CPU: total 4 (initial active 4) (2 cores per cpu, 2 threads per core) family 6 model 69 stepping 1 microcode 0x0, cx8, cmov, fxsr, ht, mmx, sse, sse2, sse3, ssse3, sse4.1, sse4.2, popcnt, lzcnt, tsc, tscinvbit, avx, avx2, aes, erms, clmul, bmi1, bmi2, fma, vzeroupper, clflush

Memory: 4k page, system-wide physical 4036M (1003M free)
TotalPageFile size 4402M (AvailPageFile size 171M)
current process WorkingSet (physical memory assigned to process): 110M, peak: 110M
current process commit charge ("private bytes"): 141M, peak: 161M

vm_info: OpenJDK 64-Bit Server VM (17.0.2+8) for windows-amd64 JRE (17.0.2+8), built on Jan 20 2022 04:52:34 by "" with MS VC++ 16.7 (VS2019)

END.
